2022-12-01 14:28:27 INFO  FileProgram:42 - Total Count of commits by each developer since date d, enter date
2022-12-01 14:28:42 INFO  FileProgram:49 - total commits by iliyaz-ali are : 5
2022-12-01 14:28:42 INFO  FileProgram:49 - total commits by arunudavath are : 4
2022-12-01 14:28:42 INFO  FileProgram:49 - total commits by md-iqbal are : 2
2022-12-01 14:28:42 INFO  FileProgram:58 - Count of commits by each developer since date d, for each day
2022-12-01 14:28:57 INFO  FileProgram:75 - List of developers who did not commit anything successively in 2 days f and d,enter d
2022-12-01 14:29:08 INFO  FileProgram:90 - md-iqbal is not commited two days in row
2022-12-01 14:35:31 INFO  FileProgram:46 - Total Count of commits by each developer since date d, enter date
2022-12-01 14:35:53 INFO  FileProgram:53 - total commits by iliyaz-ali are : 5
2022-12-01 14:35:53 INFO  FileProgram:53 - total commits by arunudavath are : 4
2022-12-01 14:35:53 INFO  FileProgram:53 - total commits by md-iqbal are : 2
2022-12-01 14:35:53 INFO  FileProgram:66 - Count of commits by each developer since date d, for each day
2022-12-01 14:36:04 INFO  FileProgram:86 - List of developers who did not commit anything successively in 2 days f and d,enter d
2022-12-01 14:36:12 INFO  FileProgram:101 - md-iqbal is not commited two days in row
2022-12-01 14:51:43 ERROR FileProgram:28 - commitId is incomplete
2022-12-01 14:51:43 INFO  FileProgram:48 - Total Count of commits by each developer since date d, enter date
2022-12-01 14:54:55 ERROR FileProgram:28 - commitId is incomplete
2022-12-01 14:54:55 INFO  FileProgram:45 - Total Count of commits by each developer since date d, enter date
2022-12-01 14:55:24 INFO  FileProgram:45 - Total Count of commits by each developer since date d, enter date
2022-12-01 14:55:36 INFO  FileProgram:53 - total commits by iliyaz-ali are : 5
2022-12-01 14:55:36 INFO  FileProgram:53 - total commits by arunudavath are : 4
2022-12-01 14:55:36 INFO  FileProgram:53 - total commits by md-iqbal are : 2
2022-12-01 14:55:36 INFO  FileProgram:66 - Count of commits by each developer since date d, for each day
2022-12-01 14:55:57 INFO  FileProgram:81 - date not found in logs
2022-12-01 14:55:57 INFO  FileProgram:81 - date not found in logs
2022-12-01 14:55:57 INFO  FileProgram:81 - date not found in logs
2022-12-01 14:55:57 INFO  FileProgram:88 - List of developers who did not commit anything successively in 2 days f and d,enter d
2022-12-01 15:38:23 INFO  FileProgram:46 - Total Count of commits by each developer since date d, enter date
2022-12-01 15:38:35 INFO  FileProgram:54 - total commits by iliyaz-ali are : 5
2022-12-01 15:38:35 INFO  FileProgram:54 - total commits by arunudavath are : 4
2022-12-01 15:38:35 INFO  FileProgram:54 - total commits by md-iqbal are : 2
2022-12-01 15:38:35 INFO  FileProgram:71 - Count of commits by each developer since date d, for each day
2022-12-01 15:38:44 INFO  FileProgram:96 - List of developers who did not commit anything successively in 2 days f and d,enter d
2022-12-01 18:25:28 INFO  FileProgram:46 - Total Count of commits by each developer since date d, enter date
2022-12-05 16:11:35 INFO  FileProgram:50 - Total Count of commits by each developer since date d, enter date
2022-12-05 17:03:24 ERROR FileProgram:40 - java.text.ParseException: Unparseable date: "26-Nov-2022"
2022-12-05 17:03:24 INFO  FileProgram:50 - Total Count of commits by each developer since date d, enter date
2022-12-05 17:24:00 ERROR FileProgram:42 - java.text.ParseException: Unparseable date: "26-Nov-2022"
2022-12-05 17:25:09 ERROR FileProgram:42 - java.text.ParseException: Unparseable date: "26Nov2022"
2022-12-05 17:29:11 ERROR FileProgram:42 - java.lang.ArrayIndexOutOfBoundsException: 9
2022-12-05 17:29:25 ERROR FileProgram:42 - java.lang.ArrayIndexOutOfBoundsException: 9
2022-12-05 17:29:44 ERROR FileProgram:42 - java.text.ParseException: Unparseable date: "Nov2616:17:592022+0530"
2022-12-05 17:31:20 ERROR FileProgram:42 - java.text.ParseException: Unparseable date: "Nov 26 16:17:59 2022 +0530"
2022-12-05 17:37:14 ERROR FileProgram:42 - java.text.ParseException: Unparseable date: "Nov 26 2022 16:17:59 +0530"
2022-12-05 17:37:54 ERROR FileProgram:42 - java.text.ParseException: Unparseable date: "26 Nov 2022 16:17:59 +0530"
2022-12-05 17:40:34 ERROR FileProgram:42 - java.text.ParseException: Unparseable date: "26 Nov 2022 16:17:59 +0530"
2022-12-05 17:40:34 INFO  FileProgram:53 - Total Count of commits by each developer since date d, enter date
2022-12-05 17:41:44 ERROR FileProgram:42 - java.text.ParseException: Unparseable date: "26 Nov 2022 16:17:59 +0530"
2022-12-05 17:41:44 INFO  FileProgram:53 - Total Count of commits by each developer since date d, enter date
2022-12-05 17:44:15 ERROR FileProgram:42 - java.text.ParseException: Unparseable date: "Nov26 Nov 2022 16:17:59 +0530"
2022-12-05 17:44:15 INFO  FileProgram:53 - Total Count of commits by each developer since date d, enter date
2022-12-05 17:44:47 ERROR FileProgram:42 - java.text.ParseException: Unparseable date: "26 Nov 2022 16:17:59 +0530"
2022-12-05 17:44:47 INFO  FileProgram:53 - Total Count of commits by each developer since date d, enter date
2022-12-05 17:46:57 ERROR FileProgram:42 - java.lang.ArrayIndexOutOfBoundsException: 3
2022-12-05 17:46:57 INFO  FileProgram:53 - Total Count of commits by each developer since date d, enter date
2022-12-05 17:47:47 ERROR FileProgram:42 - java.lang.ArrayIndexOutOfBoundsException: 2
2022-12-05 17:47:47 INFO  FileProgram:53 - Total Count of commits by each developer since date d, enter date
2022-12-05 17:48:32 ERROR FileProgram:42 - java.text.ParseException: Unparseable date: "26 Nov 2022 16:17:59 +0530"
2022-12-05 17:48:32 INFO  FileProgram:53 - Total Count of commits by each developer since date d, enter date
2022-12-05 17:49:32 ERROR FileProgram:42 - java.text.ParseException: Unparseable date: "26 Nov 2022 16:17:59 +0530"
2022-12-05 17:49:32 INFO  FileProgram:53 - Total Count of commits by each developer since date d, enter date
2022-12-05 17:49:57 ERROR FileProgram:42 - java.text.ParseException: Unparseable date: " 26 Nov 2022 16:17:59 +0530"
2022-12-05 17:49:57 INFO  FileProgram:53 - Total Count of commits by each developer since date d, enter date
2022-12-05 17:50:13 ERROR FileProgram:42 - java.text.ParseException: Unparseable date: "Sat 26 Nov 2022 16:17:59 +0530"
2022-12-05 17:50:13 INFO  FileProgram:53 - Total Count of commits by each developer since date d, enter date
2022-12-05 17:51:57 ERROR FileProgram:42 - java.text.ParseException: Unparseable date: "Sat, 26 Nov 2022 16:17:59 +0530"
2022-12-05 17:51:57 INFO  FileProgram:53 - Total Count of commits by each developer since date d, enter date
2022-12-05 17:52:26 ERROR FileProgram:42 - java.text.ParseException: Unparseable date: "Sat, 26 Nov 2022 16:17:59"
2022-12-05 17:52:26 INFO  FileProgram:53 - Total Count of commits by each developer since date d, enter date
2022-12-05 17:55:36 ERROR FileProgram:42 - java.lang.ArrayIndexOutOfBoundsException: 7
2022-12-05 17:55:36 INFO  FileProgram:53 - Total Count of commits by each developer since date d, enter date
2022-12-05 17:56:01 ERROR FileProgram:42 - java.lang.ArrayIndexOutOfBoundsException: 5
2022-12-05 17:56:01 INFO  FileProgram:53 - Total Count of commits by each developer since date d, enter date
2022-12-05 17:57:20 ERROR FileProgram:42 - java.lang.ArrayIndexOutOfBoundsException: 7
2022-12-05 17:57:20 INFO  FileProgram:53 - Total Count of commits by each developer since date d, enter date
2022-12-05 17:57:43 ERROR FileProgram:42 - java.lang.ArrayIndexOutOfBoundsException: 2
2022-12-05 17:57:43 INFO  FileProgram:53 - Total Count of commits by each developer since date d, enter date
2022-12-05 17:58:50 ERROR FileProgram:42 - java.lang.ArrayIndexOutOfBoundsException: 3
2022-12-05 17:58:50 INFO  FileProgram:53 - Total Count of commits by each developer since date d, enter date
2022-12-05 17:59:25 ERROR FileProgram:42 - java.lang.ArrayIndexOutOfBoundsException: 6
2022-12-05 17:59:25 INFO  FileProgram:53 - Total Count of commits by each developer since date d, enter date
2022-12-05 18:00:37 INFO  FileProgram:53 - Total Count of commits by each developer since date d, enter date
2022-12-05 18:01:15 INFO  FileProgram:53 - Total Count of commits by each developer since date d, enter date
2022-12-05 18:01:33 INFO  FileProgram:53 - Total Count of commits by each developer since date d, enter date
2022-12-05 18:02:57 INFO  FileProgram:53 - Total Count of commits by each developer since date d, enter date
2022-12-05 18:07:44 INFO  FileProgram:48 - Total Count of commits by each developer since date d, enter date
2022-12-05 18:08:16 INFO  FileProgram:48 - Total Count of commits by each developer since date d, enter date
2022-12-05 18:16:05 INFO  FileProgram:48 - Total Count of commits by each developer since date d, enter date
2022-12-05 18:22:08 INFO  FileProgram:48 - Total Count of commits by each developer since date d, enter date
2022-12-05 18:24:20 INFO  FileProgram:48 - Total Count of commits by each developer since date d, enter date
2022-12-05 18:26:29 INFO  FileProgram:48 - Total Count of commits by each developer since date d, enter date
2022-12-05 18:26:48 INFO  FileProgram:48 - Total Count of commits by each developer since date d, enter date
2022-12-05 22:05:19 INFO  FileProgram:67 - Count of commits by each developer since date d, for each day, enter date
2022-12-05 22:06:26 INFO  FileProgram:67 - Count of commits by each developer since date d, for each day, enter date
2022-12-05 22:07:09 INFO  FileProgram:67 - Count of commits by each developer since date d, for each day, enter date
2022-12-06 17:46:53 INFO  FileProgram:97 - List of developers who did not commit anything successively in 2 days, enter date
2022-12-06 17:48:01 INFO  FileProgram:97 - List of developers who did not commit anything successively in 2 days, enter date
2022-12-06 17:49:48 INFO  FileProgram:97 - List of developers who did not commit anything successively in 2 days, enter date
2022-12-06 17:49:58 INFO  FileProgram:120 - *********** iliyaz-ali
2022-12-06 17:53:32 INFO  FileProgram:97 - List of developers who did not commit anything successively in 2 days, enter date
2022-12-06 17:53:51 INFO  FileProgram:103 - Sat Nov 26 00:00:00 IST 2022
2022-12-06 17:53:51 INFO  FileProgram:103 - Fri Nov 25 00:00:00 IST 2022
2022-12-06 17:53:51 INFO  FileProgram:103 - Thu Nov 24 00:00:00 IST 2022
2022-12-06 17:53:51 INFO  FileProgram:103 - Thu Nov 24 00:00:00 IST 2022
2022-12-06 17:53:51 INFO  FileProgram:103 - Sat Nov 26 00:00:00 IST 2022
2022-12-06 17:53:51 INFO  FileProgram:103 - Sat Nov 26 00:00:00 IST 2022
2022-12-06 17:53:51 INFO  FileProgram:103 - Fri Nov 25 00:00:00 IST 2022
2022-12-06 17:53:51 INFO  FileProgram:103 - Fri Nov 25 00:00:00 IST 2022
2022-12-06 17:53:51 INFO  FileProgram:103 - Thu Nov 24 00:00:00 IST 2022
2022-12-06 17:53:51 INFO  FileProgram:103 - Wed Nov 23 00:00:00 IST 2022
2022-12-06 17:53:51 INFO  FileProgram:103 - Sun Nov 27 00:00:00 IST 2022
2022-12-06 17:53:51 INFO  FileProgram:103 - Thu Nov 24 00:00:00 IST 2022
2022-12-06 17:53:51 INFO  FileProgram:121 - *********** iliyaz-ali
2022-12-06 17:58:12 INFO  FileProgram:97 - List of developers who did not commit anything successively in 2 days, enter date
2022-12-06 17:58:28 INFO  FileProgram:103 - Sat Nov 26 00:00:00 IST 2022
2022-12-06 17:58:28 INFO  FileProgram:103 - Fri Nov 25 00:00:00 IST 2022
2022-12-06 17:58:28 INFO  FileProgram:111 - diff : 2
2022-12-06 17:58:28 INFO  FileProgram:103 - Thu Nov 24 00:00:00 IST 2022
2022-12-06 17:58:28 INFO  FileProgram:111 - diff : 1
2022-12-06 17:58:28 INFO  FileProgram:103 - Thu Nov 24 00:00:00 IST 2022
2022-12-06 17:58:28 INFO  FileProgram:111 - diff : 1
2022-12-06 17:58:28 INFO  FileProgram:103 - Sat Nov 26 00:00:00 IST 2022
2022-12-06 17:58:28 INFO  FileProgram:103 - Sat Nov 26 00:00:00 IST 2022
2022-12-06 17:58:28 INFO  FileProgram:111 - diff : 3
2022-12-06 17:58:28 INFO  FileProgram:103 - Fri Nov 25 00:00:00 IST 2022
2022-12-06 17:58:28 INFO  FileProgram:111 - diff : 2
2022-12-06 17:58:28 INFO  FileProgram:103 - Fri Nov 25 00:00:00 IST 2022
2022-12-06 17:58:28 INFO  FileProgram:111 - diff : 2
2022-12-06 17:58:28 INFO  FileProgram:103 - Thu Nov 24 00:00:00 IST 2022
2022-12-06 17:58:28 INFO  FileProgram:111 - diff : 1
2022-12-06 17:58:28 INFO  FileProgram:103 - Wed Nov 23 00:00:00 IST 2022
2022-12-06 17:58:28 INFO  FileProgram:111 - diff : 0
2022-12-06 17:58:28 INFO  FileProgram:103 - Sun Nov 27 00:00:00 IST 2022
2022-12-06 17:58:28 INFO  FileProgram:103 - Thu Nov 24 00:00:00 IST 2022
2022-12-06 17:58:28 INFO  FileProgram:111 - diff : 1
2022-12-06 17:58:28 INFO  FileProgram:122 - *********** iliyaz-ali
2022-12-06 18:06:02 INFO  FileProgram:97 - List of developers who did not commit anything successively in 2 days, enter date
2022-12-06 18:06:15 INFO  FileProgram:103 - Sat Nov 26 00:00:00 IST 2022
2022-12-06 18:06:15 INFO  FileProgram:103 - Fri Nov 25 00:00:00 IST 2022
2022-12-06 18:07:03 INFO  FileProgram:97 - List of developers who did not commit anything successively in 2 days, enter date
2022-12-06 18:07:13 INFO  FileProgram:103 - Sat Nov 26 00:00:00 IST 2022
2022-12-06 18:07:13 INFO  FileProgram:103 - Fri Nov 25 00:00:00 IST 2022
2022-12-06 18:07:13 INFO  FileProgram:111 - diff : 2
2022-12-06 18:07:13 INFO  FileProgram:103 - Thu Nov 24 00:00:00 IST 2022
2022-12-06 18:07:13 INFO  FileProgram:111 - diff : 1
2022-12-06 18:07:13 INFO  FileProgram:103 - Thu Nov 24 00:00:00 IST 2022
2022-12-06 18:07:13 INFO  FileProgram:111 - diff : 1
2022-12-06 18:07:13 INFO  FileProgram:103 - Sat Nov 26 00:00:00 IST 2022
2022-12-06 18:07:13 INFO  FileProgram:103 - Sat Nov 26 00:00:00 IST 2022
2022-12-06 18:07:13 INFO  FileProgram:111 - diff : 3
2022-12-06 18:07:13 INFO  FileProgram:103 - Fri Nov 25 00:00:00 IST 2022
2022-12-06 18:07:13 INFO  FileProgram:111 - diff : 2
2022-12-06 18:07:13 INFO  FileProgram:103 - Fri Nov 25 00:00:00 IST 2022
2022-12-06 18:07:13 INFO  FileProgram:111 - diff : 2
2022-12-06 18:07:13 INFO  FileProgram:103 - Thu Nov 24 00:00:00 IST 2022
2022-12-06 18:07:13 INFO  FileProgram:111 - diff : 1
2022-12-06 18:07:13 INFO  FileProgram:103 - Wed Nov 23 00:00:00 IST 2022
2022-12-06 18:07:13 INFO  FileProgram:111 - diff : 0
2022-12-06 18:07:13 INFO  FileProgram:103 - Sun Nov 27 00:00:00 IST 2022
2022-12-06 18:07:13 INFO  FileProgram:103 - Thu Nov 24 00:00:00 IST 2022
2022-12-06 18:07:13 INFO  FileProgram:111 - diff : 1
2022-12-06 18:07:13 INFO  FileProgram:122 - *********** iliyaz-ali
2022-12-06 18:30:07 INFO  ParseController:18 - Enter choice
 1.Total Count of commits by each developer since date d
2. Count of commits by each developer since date d, for each day
3. List of developers who did not commit anything successively in 2 days
2022-12-06 18:30:27 INFO  ParseController:18 - Enter choice
1.Total Count of commits by each developer since date d
2. Count of commits by each developer since date d, for each day
3. List of developers who did not commit anything successively in 2 days
2022-12-06 18:30:42 INFO  FileProgram:44 - Enter date
2022-12-06 18:31:13 INFO  ParseController:18 - Enter choice
1.Total Count of commits by each developer since date d
2. Count of commits by each developer since date d, for each day
3. List of developers who did not commit anything successively in 2 days
2022-12-06 18:31:19 INFO  FileProgram:44 - Enter date
2022-12-06 18:33:09 INFO  ParseController:18 - Enter choice
1.Total Count of commits by each developer since date d
2. Count of commits by each developer since date d, for each day
3. List of developers who did not commit anything successively in 2 days
2022-12-06 20:13:25 INFO  ParseController:18 - Enter choice
1.Total Count of commits by each developer since date d
2. Count of commits by each developer since date d, for each day
3. List of developers who did not commit anything successively in 2 days
2022-12-06 20:13:31 INFO  FileProgram:44 - Enter date
2022-12-06 20:13:40 INFO  FileProgram:63 - Enter date
2022-12-06 20:15:15 INFO  ParseController:18 - Enter choice
1.Total Count of commits by each developer since date d
2. Count of commits by each developer since date d, for each day
3. List of developers who did not commit anything successively in 2 days
2022-12-06 20:15:23 INFO  FileProgram:44 - Enter date
2022-12-06 20:15:32 INFO  ParseController:18 - Enter choice
1.Total Count of commits by each developer since date d
2. Count of commits by each developer since date d, for each day
3. List of developers who did not commit anything successively in 2 days
2022-12-06 20:17:09 INFO  FileProgram:63 - Enter date
2022-12-06 20:17:18 INFO  ParseController:18 - Enter choice
1.Total Count of commits by each developer since date d
2. Count of commits by each developer since date d, for each day
3. List of developers who did not commit anything successively in 2 days
2022-12-06 21:05:49 INFO  ParseController:26 - Enter choice
1.Total Count of commits by each developer since date d
2. Count of commits by each developer since date d, for each day
3. List of developers who did not commit anything successively in 2 days
4. to exit
2022-12-06 21:05:59 INFO  TotalCommitService:17 - Enter date
2022-12-06 21:06:10 INFO  ParseController:26 - Enter choice
1.Total Count of commits by each developer since date d
2. Count of commits by each developer since date d, for each day
3. List of developers who did not commit anything successively in 2 days
4. to exit
2022-12-06 21:06:53 INFO  ParseController:26 - Enter choice
1.Total Count of commits by each developer since date d
2. Count of commits by each developer since date d, for each day
3. List of developers who did not commit anything successively in 2 days
4. to exit
2022-12-06 21:06:59 INFO  TotalCommitService:17 - Enter date
2022-12-06 21:07:07 INFO  ParseController:26 - Enter choice
1.Total Count of commits by each developer since date d
2. Count of commits by each developer since date d, for each day
3. List of developers who did not commit anything successively in 2 days
4. to exit
2022-12-06 21:07:35 INFO  ParseController:26 - Enter choice
1.Total Count of commits by each developer since date d
2. Count of commits by each developer since date d, for each day
3. List of developers who did not commit anything successively in 2 days
4. to exit
2022-12-06 21:07:40 INFO  TotalCommitService:17 - Enter date
2022-12-06 21:07:52 INFO  ParseController:26 - Enter choice
1.Total Count of commits by each developer since date d
2. Count of commits by each developer since date d, for each day
3. List of developers who did not commit anything successively in 2 days
4. to exit
2022-12-06 21:07:56 INFO  TotalCommitService:17 - Enter date
2022-12-06 21:08:02 INFO  ParseController:26 - Enter choice
1.Total Count of commits by each developer since date d
2. Count of commits by each developer since date d, for each day
3. List of developers who did not commit anything successively in 2 days
4. to exit
2022-12-06 21:08:09 INFO  EachDayCommits:19 - Enter date
2022-12-06 21:08:16 INFO  ParseController:26 - Enter choice
1.Total Count of commits by each developer since date d
2. Count of commits by each developer since date d, for each day
3. List of developers who did not commit anything successively in 2 days
4. to exit
2022-12-06 21:08:21 INFO  CommitHistory:17 - Enter date
2022-12-06 21:08:35 INFO  CommitHistory:24 - Sat Nov 26 00:00:00 IST 2022
2022-12-06 21:08:35 INFO  CommitHistory:24 - Fri Nov 25 00:00:00 IST 2022
2022-12-06 21:08:35 INFO  CommitHistory:24 - Thu Nov 24 00:00:00 IST 2022
2022-12-06 21:08:35 INFO  CommitHistory:24 - Thu Nov 24 00:00:00 IST 2022
2022-12-06 21:08:35 INFO  CommitHistory:24 - Sat Nov 26 00:00:00 IST 2022
2022-12-06 21:08:35 INFO  CommitHistory:24 - Sat Nov 26 00:00:00 IST 2022
2022-12-06 21:08:35 INFO  CommitHistory:24 - Fri Nov 25 00:00:00 IST 2022
2022-12-06 21:08:35 INFO  CommitHistory:24 - Fri Nov 25 00:00:00 IST 2022
2022-12-06 21:08:35 INFO  CommitHistory:24 - Thu Nov 24 00:00:00 IST 2022
2022-12-06 21:08:35 INFO  CommitHistory:24 - Wed Nov 23 00:00:00 IST 2022
2022-12-06 21:08:35 INFO  CommitHistory:24 - Sun Nov 27 00:00:00 IST 2022
2022-12-06 21:08:35 INFO  CommitHistory:24 - Thu Nov 24 00:00:00 IST 2022
2022-12-06 21:08:35 INFO  CommitHistory:42 - Author Name: arunudavath
2022-12-06 21:08:35 INFO  CommitHistory:42 - Author Name: arunudavath
2022-12-06 21:08:35 INFO  CommitHistory:42 - Author Name: arunudavath
2022-12-06 21:08:35 INFO  CommitHistory:42 - Author Name: iliyaz-ali
2022-12-06 21:08:35 INFO  CommitHistory:42 - Author Name: iliyaz-ali
2022-12-06 21:08:35 INFO  CommitHistory:42 - Author Name: iliyaz-ali
2022-12-06 21:08:35 INFO  CommitHistory:42 - Author Name: iliyaz-ali
2022-12-06 21:08:35 INFO  CommitHistory:42 - Author Name: md-iqbal
2022-12-06 21:08:35 INFO  ParseController:26 - Enter choice
1.Total Count of commits by each developer since date d
2. Count of commits by each developer since date d, for each day
3. List of developers who did not commit anything successively in 2 days
4. to exit
2022-12-06 21:10:10 INFO  ParseController:26 - Enter choice
1.Total Count of commits by each developer since date d
2. Count of commits by each developer since date d, for each day
3. List of developers who did not commit anything successively in 2 days
4. to exit
2022-12-06 21:10:17 INFO  CommitHistory:17 - Enter date
2022-12-06 21:10:39 INFO  CommitHistory:24 - Sat Nov 26 00:00:00 IST 2022
2022-12-06 21:10:39 INFO  CommitHistory:24 - Fri Nov 25 00:00:00 IST 2022
2022-12-06 21:10:39 INFO  CommitHistory:32 - ********* : 2
2022-12-06 21:10:39 INFO  CommitHistory:24 - Thu Nov 24 00:00:00 IST 2022
2022-12-06 21:10:39 INFO  CommitHistory:32 - ********* : 1
2022-12-06 21:10:39 INFO  CommitHistory:24 - Thu Nov 24 00:00:00 IST 2022
2022-12-06 21:10:39 INFO  CommitHistory:32 - ********* : 1
2022-12-06 21:10:39 INFO  CommitHistory:24 - Sat Nov 26 00:00:00 IST 2022
2022-12-06 21:10:39 INFO  CommitHistory:24 - Sat Nov 26 00:00:00 IST 2022
2022-12-06 21:10:39 INFO  CommitHistory:32 - ********* : 3
2022-12-06 21:10:39 INFO  CommitHistory:24 - Fri Nov 25 00:00:00 IST 2022
2022-12-06 21:10:39 INFO  CommitHistory:32 - ********* : 2
2022-12-06 21:10:39 INFO  CommitHistory:24 - Fri Nov 25 00:00:00 IST 2022
2022-12-06 21:10:39 INFO  CommitHistory:32 - ********* : 2
2022-12-06 21:10:39 INFO  CommitHistory:24 - Thu Nov 24 00:00:00 IST 2022
2022-12-06 21:10:39 INFO  CommitHistory:32 - ********* : 1
2022-12-06 21:10:39 INFO  CommitHistory:24 - Wed Nov 23 00:00:00 IST 2022
2022-12-06 21:10:39 INFO  CommitHistory:32 - ********* : 0
2022-12-06 21:10:39 INFO  CommitHistory:24 - Sun Nov 27 00:00:00 IST 2022
2022-12-06 21:10:39 INFO  CommitHistory:24 - Thu Nov 24 00:00:00 IST 2022
2022-12-06 21:10:39 INFO  CommitHistory:32 - ********* : 1
2022-12-06 21:10:39 INFO  CommitHistory:43 - Author Name: iliyaz-ali
2022-12-06 21:10:39 INFO  ParseController:26 - Enter choice
1.Total Count of commits by each developer since date d
2. Count of commits by each developer since date d, for each day
3. List of developers who did not commit anything successively in 2 days
4. to exit
2022-12-06 21:30:34 INFO  ParseController:26 - Enter choice
1.Total Count of commits by each developer since date d
2. Count of commits by each developer since date d, for each day
3. List of developers who did not commit anything successively in 2 days
4. to exit
2022-12-06 21:30:41 INFO  CommitHistory:18 - Enter date
2022-12-06 21:30:51 INFO  CommitHistory:25 - Sat Nov 26 00:00:00 IST 2022
2022-12-06 21:30:51 INFO  CommitHistory:25 - Fri Nov 25 00:00:00 IST 2022
2022-12-06 21:30:51 INFO  CommitHistory:33 - ********* : 2
2022-12-06 21:30:51 INFO  CommitHistory:25 - Thu Nov 24 00:00:00 IST 2022
2022-12-06 21:30:51 INFO  CommitHistory:33 - ********* : 1
2022-12-06 21:30:51 INFO  CommitHistory:25 - Thu Nov 24 00:00:00 IST 2022
2022-12-06 21:30:51 INFO  CommitHistory:33 - ********* : 1
2022-12-06 21:30:51 INFO  CommitHistory:25 - Sat Nov 26 00:00:00 IST 2022
2022-12-06 21:30:51 INFO  CommitHistory:25 - Sat Nov 26 00:00:00 IST 2022
2022-12-06 21:30:51 INFO  CommitHistory:33 - ********* : 3
2022-12-06 21:30:51 INFO  CommitHistory:25 - Fri Nov 25 00:00:00 IST 2022
2022-12-06 21:30:51 INFO  CommitHistory:33 - ********* : 2
2022-12-06 21:30:51 INFO  CommitHistory:25 - Fri Nov 25 00:00:00 IST 2022
2022-12-06 21:30:51 INFO  CommitHistory:33 - ********* : 2
2022-12-06 21:30:51 INFO  CommitHistory:25 - Thu Nov 24 00:00:00 IST 2022
2022-12-06 21:30:51 INFO  CommitHistory:33 - ********* : 1
2022-12-06 21:30:51 INFO  CommitHistory:25 - Wed Nov 23 00:00:00 IST 2022
2022-12-06 21:30:51 INFO  CommitHistory:33 - ********* : 0
2022-12-06 21:30:51 INFO  CommitHistory:25 - Sun Nov 27 00:00:00 IST 2022
2022-12-06 21:30:51 INFO  CommitHistory:25 - Thu Nov 24 00:00:00 IST 2022
2022-12-06 21:30:51 INFO  CommitHistory:33 - ********* : 1
2022-12-06 21:30:51 INFO  CommitHistory:44 - Author Name: iliyaz-ali
2022-12-06 21:30:51 INFO  ParseController:26 - Enter choice
1.Total Count of commits by each developer since date d
2. Count of commits by each developer since date d, for each day
3. List of developers who did not commit anything successively in 2 days
4. to exit
2022-12-06 21:33:42 INFO  ParseController:26 - Enter choice
1.Total Count of commits by each developer since date d
2. Count of commits by each developer since date d, for each day
3. List of developers who did not commit anything successively in 2 days
4. to exit
2022-12-06 21:33:47 INFO  TotalCommitService:17 - Enter date
2022-12-06 21:33:55 INFO  ParseController:26 - Enter choice
1.Total Count of commits by each developer since date d
2. Count of commits by each developer since date d, for each day
3. List of developers who did not commit anything successively in 2 days
4. to exit
2022-12-06 21:34:01 INFO  EachDayCommits:19 - Enter date
2022-12-06 21:34:16 INFO  ParseController:26 - Enter choice
1.Total Count of commits by each developer since date d
2. Count of commits by each developer since date d, for each day
3. List of developers who did not commit anything successively in 2 days
4. to exit
2022-12-06 21:35:33 INFO  ParseController:26 - Enter choice
1.Total Count of commits by each developer since date d
2. Count of commits by each developer since date d, for each day
3. List of developers who did not commit anything successively in 2 days
4. to exit
2022-12-06 21:35:38 INFO  TotalCommitService:17 - Enter date
2022-12-06 21:35:52 INFO  ParseController:26 - Enter choice
1.Total Count of commits by each developer since date d
2. Count of commits by each developer since date d, for each day
3. List of developers who did not commit anything successively in 2 days
4. to exit
2022-12-06 21:35:59 INFO  EachDayCommits:19 - Enter date
2022-12-06 21:36:18 INFO  ParseController:26 - Enter choice
1.Total Count of commits by each developer since date d
2. Count of commits by each developer since date d, for each day
3. List of developers who did not commit anything successively in 2 days
4. to exit
2022-12-06 21:37:25 INFO  ParseController:26 - Enter choice
1.Total Count of commits by each developer since date d
2. Count of commits by each developer since date d, for each day
3. List of developers who did not commit anything successively in 2 days
4. to exit
2022-12-06 21:38:02 INFO  ParseController:26 - Enter choice
1.Total Count of commits by each developer since date d
2. Count of commits by each developer since date d, for each day
3. List of developers who did not commit anything successively in 2 days
4. to exit
2022-12-06 21:38:09 INFO  CommitHistory:16 - Enter date
2022-12-06 21:38:20 INFO  CommitHistory:42 - Author Name: iliyaz-ali
2022-12-06 21:38:20 INFO  ParseController:26 - Enter choice
1.Total Count of commits by each developer since date d
2. Count of commits by each developer since date d, for each day
3. List of developers who did not commit anything successively in 2 days
4. to exit
2022-12-08 12:08:29 INFO  ParseController:27 - Enter choice
1.Enter the file path
2.Total Count of commits by each developer since date d
3. Count of commits by each developer since date d, for each day
4. List of developers who did not commit anything successively in 2 days
5. to exit
2022-12-08 12:13:18 INFO  ParseController:28 - Enter the log file path
2022-12-08 12:13:35 INFO  ParseController:32 - Enter choice
1.Total Count of commits by each developer since date d
2. Count of commits by each developer since date d, for each day
3. List of developers who did not commit anything successively in 2 days
4. to exit
2022-12-08 12:13:41 INFO  TotalCommitService:27 - Enter date
2022-12-08 12:13:50 INFO  ParseController:28 - Enter the log file path
2022-12-08 14:37:35 INFO  ParseController:34 - Enter the log file path
2022-12-08 14:37:44 ERROR FileException:37 - java.io.FileNotFoundException: RFFAEF (No such file or directory)
2022-12-08 14:37:44 INFO  ParseController:38 - Enter choice
1.Total Count of commits by each developer since date d
2. Count of commits by each developer since date d, for each day
3. List of developers who did not commit anything successively in 2 days
4. to exit
2022-12-08 15:13:15 INFO  ParseController:65 - Enter the log file
2022-12-08 15:13:52 INFO  ParseController:67 - Enter the author names in log file
2022-12-08 15:22:16 INFO  ParseController:66 - Enter the log file
2022-12-08 15:22:44 INFO  ParseController:68 - Enter no.of authors and author names in log file
2022-12-08 15:23:07 ERROR FileException:37 - java.lang.NullPointerException
2022-12-08 15:23:07 INFO  ParseController:38 - Enter choice
1.Total Count of commits by each developer since date d
2. Count of commits by each developer since date d, for each day
3. List of developers who did not commit anything successively in 2 days
4. to exit
2022-12-08 15:24:50 INFO  ParseController:66 - Enter the log file
2022-12-08 15:24:58 INFO  ParseController:68 - Enter no.of authors and author names in log file
2022-12-08 15:25:21 ERROR FileException:37 - java.lang.NullPointerException
2022-12-08 15:25:21 INFO  ParseController:38 - Enter choice
1.Total Count of commits by each developer since date d
2. Count of commits by each developer since date d, for each day
3. List of developers who did not commit anything successively in 2 days
4. to exit
2022-12-08 15:26:07 INFO  ParseController:66 - Enter the log file
2022-12-08 15:26:13 INFO  ParseController:68 - Enter no.of authors and author names in log file
2022-12-08 15:28:10 INFO  ParseController:66 - Enter the log file
2022-12-08 15:28:18 INFO  ParseController:68 - Enter no.of authors and author names in log file
2022-12-08 15:28:46 INFO  ParseController:66 - Enter the log file
2022-12-08 15:28:53 INFO  ParseController:68 - Enter no.of authors and author names in log file
2022-12-08 15:35:03 INFO  ParseController:36 - Enter the log file
2022-12-08 15:35:10 INFO  ParseController:38 - Enter no.of authors and author names in log file
2022-12-08 15:35:31 INFO  ParseController:36 - Enter the log file
2022-12-08 15:35:38 INFO  ParseController:38 - Enter no.of authors and author names in log file
2022-12-08 15:36:13 INFO  ParseController:45 - Enter choice
1.Total Count of commits by each developer since date d
2. Count of commits by each developer since date d, for each day
3. List of developers who did not commit anything successively in 2 days
4. to exit
2022-12-08 15:36:28 INFO  TotalCommitService:27 - Enter date
2022-12-08 15:36:49 INFO  ParseController:36 - Enter the log file
2022-12-08 15:43:04 INFO  ParseController:36 - Enter the log file
2022-12-08 15:43:29 INFO  ParseController:38 - Enter no.of authors and author names in log file
2022-12-08 15:43:48 INFO  ParseController:46 - Enter choice
1.Total Count of commits by each developer since date d
2. Count of commits by each developer since date d, for each day
3. List of developers who did not commit anything successively in 2 days
4. to exit
2022-12-08 15:44:31 INFO  TotalCommitService:27 - Enter date
2022-12-08 15:44:38 INFO  ParseController:46 - Enter choice
1.Total Count of commits by each developer since date d
2. Count of commits by each developer since date d, for each day
3. List of developers who did not commit anything successively in 2 days
4. to exit
2022-12-08 15:44:53 INFO  EachDayCommits:25 - Enter date
2022-12-08 15:45:01 INFO  ParseController:46 - Enter choice
1.Total Count of commits by each developer since date d
2. Count of commits by each developer since date d, for each day
3. List of developers who did not commit anything successively in 2 days
4. to exit
2022-12-08 15:48:01 INFO  ParseController:35 - Enter the log file
2022-12-08 15:48:41 INFO  ParseController:37 - Enter no.of authors and author names in log file
2022-12-08 15:49:00 INFO  ParseController:47 - Enter choice
1.Total Count of commits by each developer since date d
2. Count of commits by each developer since date d, for each day
3. List of developers who did not commit anything successively in 2 days
4. to exit
2022-12-08 15:49:03 INFO  TotalCommitService:24 - Enter date in yyy-dd-mm format
2022-12-08 15:49:09 INFO  ParseController:47 - Enter choice
1.Total Count of commits by each developer since date d
2. Count of commits by each developer since date d, for each day
3. List of developers who did not commit anything successively in 2 days
4. to exit
2022-12-08 15:49:18 INFO  EachDayCommits:26 - Enter date in yyy-dd-mm format
2022-12-08 15:50:19 INFO  ParseController:35 - Enter the log file
2022-12-08 15:50:39 INFO  ParseController:37 - Enter no.of authors and author names in log file
2022-12-08 15:51:02 INFO  ParseController:47 - Enter choice
1.Total Count of commits by each developer since date d
2. Count of commits by each developer since date d, for each day
3. List of developers who did not commit anything successively in 2 days
4. to exit
2022-12-08 15:51:06 INFO  TotalCommitService:24 - Enter date in yyy-mm-dd format
2022-12-08 15:51:45 INFO  ParseController:47 - Enter choice
1.Total Count of commits by each developer since date d
2. Count of commits by each developer since date d, for each day
3. List of developers who did not commit anything successively in 2 days
4. to exit
2022-12-08 15:51:49 INFO  EachDayCommits:26 - Enter date in yyy-mm-dd format
2022-12-08 16:04:28 INFO  ParseController:35 - Enter the log file
2022-12-08 16:04:57 INFO  ParseController:37 - Enter no.of authors and author names in log file
2022-12-08 16:05:18 INFO  ParseController:47 - Enter choice
1.Total Count of commits by each developer since date d
2. Count of commits by each developer since date d, for each day
3. List of developers who did not commit anything successively in 2 days
4. to exit
2022-12-08 16:05:26 INFO  CommitHistory:24 - Enter date in yyy-mm-dd format
2022-12-08 16:05:36 INFO  CommitHistory:48 - Author Name: iliyaz-ali
2022-12-08 16:05:36 INFO  ParseController:47 - Enter choice
1.Total Count of commits by each developer since date d
2. Count of commits by each developer since date d, for each day
3. List of developers who did not commit anything successively in 2 days
4. to exit
2022-12-08 16:05:59 INFO  CommitHistory:24 - Enter date in yyy-mm-dd format
2022-12-08 16:06:08 INFO  CommitHistory:48 - Author Name: arunudavath
2022-12-08 16:06:08 INFO  CommitHistory:48 - Author Name: arunudavath
2022-12-08 16:06:08 INFO  CommitHistory:48 - Author Name: arunudavath
2022-12-08 16:06:08 INFO  CommitHistory:48 - Author Name: iliyaz-ali
2022-12-08 16:06:08 INFO  CommitHistory:48 - Author Name: iliyaz-ali
2022-12-08 16:06:08 INFO  CommitHistory:48 - Author Name: iliyaz-ali
2022-12-08 16:06:08 INFO  CommitHistory:48 - Author Name: iliyaz-ali
2022-12-08 16:06:08 INFO  CommitHistory:48 - Author Name: iliyaz-ali
2022-12-08 16:06:08 INFO  CommitHistory:48 - Author Name: md-iqbal
2022-12-08 16:06:08 INFO  ParseController:47 - Enter choice
1.Total Count of commits by each developer since date d
2. Count of commits by each developer since date d, for each day
3. List of developers who did not commit anything successively in 2 days
4. to exit
2022-12-08 16:34:28 INFO  ParseController:35 - Enter the log file
2022-12-08 16:34:52 INFO  ParseController:37 - Enter no.of authors and author names in log file
2022-12-08 16:35:11 INFO  ParseController:47 - Enter choice
1.Total Count of commits by each developer since date d
2. Count of commits by each developer since date d, for each day
3. List of developers who did not commit anything successively in 2 days
4. to exit
2022-12-08 16:35:14 INFO  CommitHistory:30 - Enter date in yyy-mm-dd format
2022-12-08 16:35:42 INFO  CommitHistory:53 - Author Name: iliyaz-ali
2022-12-08 16:35:42 INFO  ParseController:47 - Enter choice
1.Total Count of commits by each developer since date d
2. Count of commits by each developer since date d, for each day
3. List of developers who did not commit anything successively in 2 days
4. to exit
2022-12-08 16:36:20 INFO  CommitHistory:30 - Enter date in yyy-mm-dd format
2022-12-08 16:36:34 INFO  CommitHistory:53 - Author Name: arunudavath
2022-12-08 16:36:34 INFO  CommitHistory:53 - Author Name: arunudavath
2022-12-08 16:36:34 INFO  CommitHistory:53 - Author Name: arunudavath
2022-12-08 16:36:34 INFO  CommitHistory:53 - Author Name: iliyaz-ali
2022-12-08 16:36:34 INFO  CommitHistory:53 - Author Name: iliyaz-ali
2022-12-08 16:36:34 INFO  CommitHistory:53 - Author Name: iliyaz-ali
2022-12-08 16:36:34 INFO  CommitHistory:53 - Author Name: iliyaz-ali
2022-12-08 16:36:34 INFO  CommitHistory:53 - Author Name: md-iqbal
2022-12-08 16:36:34 INFO  ParseController:47 - Enter choice
1.Total Count of commits by each developer since date d
2. Count of commits by each developer since date d, for each day
3. List of developers who did not commit anything successively in 2 days
4. to exit
2022-12-08 17:08:03 INFO  ParseController:35 - Enter the log file
2022-12-08 17:08:22 INFO  ParseController:37 - Enter no.of authors and author names in log file
2022-12-08 17:08:49 INFO  ParseController:47 - Enter choice
1.Total Count of commits by each developer since date d
2. Count of commits by each developer since date d, for each day
3. List of developers who did not commit anything successively in 2 days
4. to exit
2022-12-08 17:08:52 INFO  CommitHistory:30 - Enter date in yyy-mm-dd format
2022-12-08 17:08:58 INFO  CommitHistory:54 - Author Name: md-iqbal
2022-12-08 17:08:58 INFO  ParseController:47 - Enter choice
1.Total Count of commits by each developer since date d
2. Count of commits by each developer since date d, for each day
3. List of developers who did not commit anything successively in 2 days
4. to exit
2022-12-08 17:09:58 INFO  CommitHistory:30 - Enter date in yyy-mm-dd format
2022-12-08 17:10:10 INFO  CommitHistory:52 - No author found
2022-12-08 17:10:10 INFO  ParseController:47 - Enter choice
1.Total Count of commits by each developer since date d
2. Count of commits by each developer since date d, for each day
3. List of developers who did not commit anything successively in 2 days
4. to exit
2022-12-08 17:10:15 INFO  CommitHistory:30 - Enter date in yyy-mm-dd format
2022-12-08 17:10:22 INFO  CommitHistory:54 - Author Name: iliyaz-ali
2022-12-08 17:10:22 INFO  CommitHistory:54 - Author Name: md-iqbal
2022-12-08 17:10:22 INFO  ParseController:47 - Enter choice
1.Total Count of commits by each developer since date d
2. Count of commits by each developer since date d, for each day
3. List of developers who did not commit anything successively in 2 days
4. to exit
2022-12-08 17:11:20 INFO  ParseController:35 - Enter the log file
2022-12-08 17:15:41 INFO  ParseController:37 - Enter no.of authors and author names in log file
2022-12-08 17:16:10 ERROR FileException:33 - Author name is incorrect
2022-12-08 17:16:10 ERROR FileException:33 - Author name is incorrect
2022-12-08 17:16:10 ERROR FileException:33 - Author name is incorrect
2022-12-08 17:16:10 ERROR FileException:33 - Author name is incorrect
2022-12-08 17:16:10 ERROR FileException:33 - Author name is incorrect
2022-12-08 17:16:10 ERROR FileException:33 - Author name is incorrect
2022-12-08 17:16:10 ERROR FileException:33 - Author name is incorrect
2022-12-08 17:16:10 ERROR FileException:33 - Author name is incorrect
2022-12-08 17:16:10 INFO  ParseController:47 - Enter choice
1.Total Count of commits by each developer since date d
2. Count of commits by each developer since date d, for each day
3. List of developers who did not commit anything successively in 2 days
4. to exit
2022-12-08 17:27:27 INFO  ParseController:35 - Enter the log file
2022-12-08 17:27:35 INFO  ParseController:37 - Enter no.of authors and author names in log file
2022-12-08 17:27:44 ERROR FileException:35 - Author name is incorrect
2022-12-08 17:27:44 ERROR FileException:41 - com.zs.assignment5.exception.CustomException: custom defined exception : Author name is incorrect
2022-12-08 17:27:44 INFO  ParseController:47 - Enter choice
1.Total Count of commits by each developer since date d
2. Count of commits by each developer since date d, for each day
3. List of developers who did not commit anything successively in 2 days
4. to exit
2022-12-08 17:34:02 INFO  CommitHistory:30 - Enter date in yyy-mm-dd format
2022-12-08 17:34:56 INFO  ParseController:35 - Enter the log file
2022-12-08 17:35:05 INFO  ParseController:37 - Enter no.of authors and author names in log file
2022-12-08 17:35:37 INFO  ParseController:35 - Enter the log file
2022-12-08 17:35:44 INFO  ParseController:37 - Enter no.of authors and author names in log file
2022-12-08 17:37:11 INFO  ParseController:47 - Enter choice
1.Total Count of commits by each developer since date d
2. Count of commits by each developer since date d, for each day
3. List of developers who did not commit anything successively in 2 days
4. to exit
2022-12-08 17:37:28 INFO  CommitHistory:24 - Enter date in yyy-mm-dd format
2022-12-08 17:37:42 INFO  CommitHistory:47 - Author Name: [iliyaz-ali, md-iqbal]
2022-12-08 17:37:42 INFO  ParseController:47 - Enter choice
1.Total Count of commits by each developer since date d
2. Count of commits by each developer since date d, for each day
3. List of developers who did not commit anything successively in 2 days
4. to exit
